# JRE version: Java(TM) SE Runtime Environment (8.0_321-b07) (build 1.8.0_321-b07)
# Java VM: Java HotSpot(TM) 64-Bit Server VM (25.321-b07 mixed mode windows-amd64 compressed oops)
Heap:
 PSYoungGen      total 138752K, used 19933K [0x000000076b400000, 0x000000077b180000, 0x00000007c0000000)
  eden space 128000K, 7% used [0x000000076b400000,0x000000076bcfab30,0x0000000773100000)
  from space 10752K, 99% used [0x0000000773100000,0x0000000773b7cc58,0x0000000773b80000)
  to   space 13312K, 0% used [0x000000077a480000,0x000000077a480000,0x000000077b180000)
 ParOldGen       total 76800K, used 5869K [0x00000006c1c00000, 0x00000006c6700000, 0x000000076b400000)
  object space 76800K, 7% used [0x00000006c1c00000,0x00000006c21bb678,0x00000006c6700000)
 Metaspace       used 30082K, capacity 32308K, committed 32384K, reserved 1077248K
  class space    used 3972K, capacity 4412K, committed 4480K, reserved 1048576K
GC Heap History (10 events):
Event: 3.682 GC heap before
{Heap before GC invocations=2 (full 0):
 PSYoungGen      total 76288K, used 72514K [0x000000076b400000, 0x0000000770900000, 0x00000007c0000000)
  eden space 65536K, 100% used [0x000000076b400000,0x000000076f400000,0x000000076f400000)
  from space 10752K, 64% used [0x000000076f400000,0x000000076fad09f0,0x000000076fe80000)
  to   space 10752K, 0% used [0x000000076fe80000,0x000000076fe80000,0x0000000770900000)
 ParOldGen       total 175104K, used 16K [0x00000006c1c00000, 0x00000006cc700000, 0x000000076b400000)
  object space 175104K, 0% used [0x00000006c1c00000,0x00000006c1c04000,0x00000006cc700000)
 Metaspace       used 19352K, capacity 20934K, committed 21120K, reserved 1067008K
  class space    used 2522K, capacity 2823K, committed 2944K, reserved 1048576K
Event: 3.689 GC heap after
Heap after GC invocations=2 (full 0):
 PSYoungGen      total 76288K, used 10660K [0x000000076b400000, 0x0000000770900000, 0x00000007c0000000)
  eden space 65536K, 0% used [0x000000076b400000,0x000000076b400000,0x000000076f400000)
  from space 10752K, 99% used [0x000000076fe80000,0x00000007708e9288,0x0000000770900000)
  to   space 10752K, 0% used [0x000000076f400000,0x000000076f400000,0x000000076fe80000)
 ParOldGen       total 175104K, used 24K [0x00000006c1c00000, 0x00000006cc700000, 0x000000076b400000)
  object space 175104K, 0% used [0x00000006c1c00000,0x00000006c1c06000,0x00000006cc700000)
 Metaspace       used 19352K, capacity 20934K, committed 21120K, reserved 1067008K
  class space    used 2522K, capacity 2823K, committed 2944K, reserved 1048576K
}
Event: 3.704 GC heap before
{Heap before GC invocations=3 (full 0):
 PSYoungGen      total 76288K, used 12859K [0x000000076b400000, 0x0000000770900000, 0x00000007c0000000)
  eden space 65536K, 3% used [0x000000076b400000,0x000000076b625b40,0x000000076f400000)
  from space 10752K, 99% used [0x000000076fe80000,0x00000007708e9288,0x0000000770900000)
  to   space 10752K, 0% used [0x000000076f400000,0x000000076f400000,0x000000076fe80000)
 ParOldGen       total 175104K, used 24K [0x00000006c1c00000, 0x00000006cc700000, 0x000000076b400000)
  object space 175104K, 0% used [0x00000006c1c00000,0x00000006c1c06000,0x00000006cc700000)
 Metaspace       used 19557K, capacity 21158K, committed 21296K, reserved 1067008K
  class space    used 2547K, capacity 2855K, committed 2944K, reserved 1048576K
Event: 3.709 GC heap after
Heap after GC invocations=3 (full 0):
 PSYoungGen      total 76288K, used 5356K [0x000000076b400000, 0x0000000774900000, 0x00000007c0000000)
  eden space 65536K, 0% used [0x000000076b400000,0x000000076b400000,0x000000076f400000)
  from space 10752K, 49% used [0x000000076f400000,0x000000076f93b0e0,0x000000076fe80000)
  to   space 10752K, 0% used [0x0000000773e80000,0x0000000773e80000,0x0000000774900000)
 ParOldGen       total 175104K, used 32K [0x00000006c1c00000, 0x00000006cc700000, 0x000000076b400000)
  object space 175104K, 0% used [0x00000006c1c00000,0x00000006c1c08000,0x00000006cc700000)
 Metaspace       used 19557K, capacity 21158K, committed 21296K, reserved 1067008K
  class space    used 2547K, capacity 2855K, committed 2944K, reserved 1048576K
}
Event: 3.709 GC heap before
{Heap before GC invocations=4 (full 1):
 PSYoungGen      total 76288K, used 5356K [0x000000076b400000, 0x0000000774900000, 0x00000007c0000000)
  eden space 65536K, 0% used [0x000000076b400000,0x000000076b400000,0x000000076f400000)
  from space 10752K, 49% used [0x000000076f400000,0x000000076f93b0e0,0x000000076fe80000)
  to   space 10752K, 0% used [0x0000000773e80000,0x0000000773e80000,0x0000000774900000)
 ParOldGen       total 175104K, used 32K [0x00000006c1c00000, 0x00000006cc700000, 0x000000076b400000)
  object space 175104K, 0% used [0x00000006c1c00000,0x00000006c1c08000,0x00000006cc700000)
 Metaspace       used 19557K, capacity 21158K, committed 21296K, reserved 1067008K
  class space    used 2547K, capacity 2855K, committed 2944K, reserved 1048576K
Event: 3.732 GC heap after
Heap after GC invocations=4 (full 1):
 PSYoungGen      total 76288K, used 0K [0x000000076b400000, 0x0000000774900000, 0x00000007c0000000)
  eden space 65536K, 0% used [0x000000076b400000,0x000000076b400000,0x000000076f400000)
  from space 10752K, 0% used [0x000000076f400000,0x000000076f400000,0x000000076fe80000)
  to   space 10752K, 0% used [0x0000000773e80000,0x0000000773e80000,0x0000000774900000)
 ParOldGen       total 76800K, used 5183K [0x00000006c1c00000, 0x00000006c6700000, 0x000000076b400000)
  object space 76800K, 6% used [0x00000006c1c00000,0x00000006c210fd78,0x00000006c6700000)
 Metaspace       used 19557K, capacity 21158K, committed 21296K, reserved 1067008K
  class space    used 2547K, capacity 2855K, committed 2944K, reserved 1048576K
}
Event: 4.383 GC heap before
{Heap before GC invocations=5 (full 1):
 PSYoungGen      total 76288K, used 65536K [0x000000076b400000, 0x0000000774900000, 0x00000007c0000000)
  eden space 65536K, 100% used [0x000000076b400000,0x000000076f400000,0x000000076f400000)
  from space 10752K, 0% used [0x000000076f400000,0x000000076f400000,0x000000076fe80000)
  to   space 10752K, 0% used [0x0000000773e80000,0x0000000773e80000,0x0000000774900000)
 ParOldGen       total 76800K, used 5183K [0x00000006c1c00000, 0x00000006c6700000, 0x000000076b400000)
  object space 76800K, 6% used [0x00000006c1c00000,0x00000006c210fd78,0x00000006c6700000)
 Metaspace       used 24084K, capacity 25838K, committed 26112K, reserved 1071104K
  class space    used 3151K, capacity 3495K, committed 3584K, reserved 1048576K
Event: 4.389 GC heap after
Heap after GC invocations=5 (full 1):
 PSYoungGen      total 132096K, used 7298K [0x000000076b400000, 0x0000000774600000, 0x00000007c0000000)
  eden space 124416K, 0% used [0x000000076b400000,0x000000076b400000,0x0000000772d80000)
  from space 7680K, 95% used [0x0000000773e80000,0x00000007745a08a8,0x0000000774600000)
  to   space 10752K, 0% used [0x0000000773100000,0x0000000773100000,0x0000000773b80000)
 ParOldGen       total 76800K, used 5191K [0x00000006c1c00000, 0x00000006c6700000, 0x000000076b400000)
  object space 76800K, 6% used [0x00000006c1c00000,0x00000006c2111d78,0x00000006c6700000)
 Metaspace       used 24084K, capacity 25838K, committed 26112K, reserved 1071104K
  class space    used 3151K, capacity 3495K, committed 3584K, reserved 1048576K
}
Event: 5.902 GC heap before
{Heap before GC invocations=6 (full 1):
 PSYoungGen      total 132096K, used 131714K [0x000000076b400000, 0x0000000774600000, 0x00000007c0000000)
  eden space 124416K, 100% used [0x000000076b400000,0x0000000772d80000,0x0000000772d80000)
  from space 7680K, 95% used [0x0000000773e80000,0x00000007745a08a8,0x0000000774600000)
  to   space 10752K, 0% used [0x0000000773100000,0x0000000773100000,0x0000000773b80000)
 ParOldGen       total 76800K, used 5191K [0x00000006c1c00000, 0x00000006c6700000, 0x000000076b400000)
  object space 76800K, 6% used [0x00000006c1c00000,0x00000006c2111d78,0x00000006c6700000)
 Metaspace       used 30040K, capacity 32308K, committed 32384K, reserved 1077248K
  class space    used 3971K, capacity 4412K, committed 4480K, reserved 1048576K
Event: 5.913 GC heap after
Heap after GC invocations=6 (full 1):
 PSYoungGen      total 138752K, used 10739K [0x000000076b400000, 0x000000077b180000, 0x00000007c0000000)
  eden space 128000K, 0% used [0x000000076b400000,0x000000076b400000,0x0000000773100000)
  from space 10752K, 99% used [0x0000000773100000,0x0000000773b7cc58,0x0000000773b80000)
  to   space 13312K, 0% used [0x000000077a480000,0x000000077a480000,0x000000077b180000)
 ParOldGen       total 76800K, used 5869K [0x00000006c1c00000, 0x00000006c6700000, 0x000000076b400000)
  object space 76800K, 7% used [0x00000006c1c00000,0x00000006c21bb678,0x00000006c6700000)
 Metaspace       used 30040K, capacity 32308K, committed 32384K, reserved 1077248K
  class space    used 3971K, capacity 4412K, committed 4480K, reserved 1048576K
}

